LMSS/proguard/seeds.txt
com.challentec.lmss.app.AppConnectStateRecever
com.challentec.lmss.app.AppContext
com.challentec.lmss.app.AppContext: AppContext()
com.challentec.lmss.app.AppMessageRecever
com.challentec.lmss.app.MainActivity
com.challentec.lmss.app.MainActivity: MainActivity()
...
com.google.zxing.oned.rss.AbstractRSSReader
com.google.zxing.oned.rss.AbstractRSSReader: int MAX_AVG_VARIANCE
com.google.zxing.oned.rss.AbstractRSSReader: int MAX_INDIVIDUAL_VARIANCE
com.google.zxing.oned.rss.AbstractRSSReader: float MIN_FINDER_PATTERN_RATIO
com.google.zxing.oned.rss.AbstractRSSReader: float MAX_FINDER_PATTERN_RATIO
com.google.zxing.oned.rss.AbstractRSSReader: int[] decodeFinderCounters
com.google.zxing.oned.rss.AbstractRSSReader: int[] dataCharacterCounters
com.google.zxing.oned.rss.AbstractRSSReader: float[] oddRoundingErrors
com.google.zxing.oned.rss.AbstractRSSReader: float[] evenRoundingErrors
com.google.zxing.oned.rss.AbstractRSSReader: int[] oddCounts
com.google.zxing.oned.rss.AbstractRSSReader: int[] evenCounts
com.google.zxing.oned.rss.AbstractRSSReader: AbstractRSSReader()
com.google.zxing.oned.rss.AbstractRSSReader: int parseFinderValue(int[],int[][])
com.google.zxing.oned.rss.AbstractRSSReader: int count(int[])
com.google.zxing.oned.rss.AbstractRSSReader: void increment(int[],float[])
com.google.zxing.oned.rss.AbstractRSSReader: void decrement(int[],float[])
com.google.zxing.oned.rss.AbstractRSSReader: boolean isFinderPattern(int[])
com.google.zxing.oned.rss.DataCharacter
com.google.zxing.oned.rss.DataCharacter: int value
com.google.zxing.oned.rss.DataCharacter: int checksumPortion
com.google.zxing.oned.rss.DataCharacter: DataCharacter(int,int)
com.google.zxing.oned.rss.DataCharacter: int getValue()
com.google.zxing.oned.rss.DataCharacter: int getChecksumPortion()
com.google.zxing.oned.rss.FinderPattern
com.google.zxing.oned.rss.FinderPattern: int value
com.google.zxing.oned.rss.FinderPattern: int[] startEnd
com.google.zxing.oned.rss.FinderPattern: com.google.zxing.ResultPoint[] resultPoints
com.google.zxing.oned.rss.FinderPattern: FinderPattern(int,int[],int,int,int)
com.google.zxing.oned.rss.FinderPattern: int getValue()
com.google.zxing.oned.rss.FinderPattern: int[] getStartEnd()
com.google.zxing.oned.rss.FinderPattern: com.google.zxing.ResultPoint[] getResultPoints()
com.google.zxing.oned.rss.Pair
com.google.zxing.oned.rss.Pair: com.google.zxing.oned.rss.FinderPattern finderPattern
com.google.zxing.oned.rss.Pair: int count
com.google.zxing.oned.rss.Pair: Pair(int,int,com.google.zxing.oned.rss.FinderPattern)
com.google.zxing.oned.rss.Pair: com.google.zxing.oned.rss.FinderPattern getFinderPattern()
com.google.zxing.oned.rss.Pair: int getCount()
com.google.zxing.oned.rss.Pair: void incrementCount()
com.google.zxing.oned.rss.RSS14Reader
com.google.zxing.oned.rss.RSS14Reader: int[] OUTSIDE_EVEN_TOTAL_SUBSET
com.google.zxing.oned.rss.RSS14Reader: int[] INSIDE_ODD_TOTAL_SUBSET
com.google.zxing.oned.rss.RSS14Reader: int[] OUTSIDE_GSUM
com.google.zxing.oned.rss.RSS14Reader: int[] INSIDE_GSUM
com.google.zxing.oned.rss.RSS14Reader: int[] OUTSIDE_ODD_WIDEST
com.google.zxing.oned.rss.RSS14Reader: int[] INSIDE_ODD_WIDEST
com.google.zxing.oned.rss.RSS14Reader: int[][] FINDER_PATTERNS
com.google.zxing.oned.rss.RSS14Reader: java.util.Vector possibleLeftPairs
com.google.zxing.oned.rss.RSS14Reader: java.util.Vector possibleRightPairs
com.google.zxing.oned.rss.RSS14Reader: RSS14Reader()
com.google.zxing.oned.rss.RSS14Reader: com.google.zxing.Result decodeRow(int,com.google.zxing.common.BitArray,java.util.Hashtable)
com.google.zxing.oned.rss.RSS14Reader: void addOrTally(java.util.Vector,com.google.zxing.oned.rss.Pair)
com.google.zxing.oned.rss.RSS14Reader: void reset()
com.google.zxing.oned.rss.RSS14Reader: com.google.zxing.Result constructResult(com.google.zxing.oned.rss.Pair,com.google.zxing.oned.rss.Pair)
com.google.zxing.oned.rss.RSS14Reader: boolean checkChecksum(com.google.zxing.oned.rss.Pair,com.google.zxing.oned.rss.Pair)
com.google.zxing.oned.rss.RSS14Reader: com.google.zxing.oned.rss.Pair decodePair(com.google.zxing.common.BitArray,boolean,int,java.util.Hashtable)