LMSS/proguard/mapping.txt
com.challentec.lmss.app.AppConfig -> com.challentec.lmss.app.a:
    com.challentec.lmss.app.AppConfig appConfig -> a
    android.content.SharedPreferences sp -> b
    android.content.Context mContext -> c
    com.challentec.lmss.app.AppConfig getAppConfig(android.content.Context) -> a
    android.content.SharedPreferences getSharedPreferences() -> a
    int getSharePreferenceInt(java.lang.String) -> a
com.challentec.lmss.app.AppConnectStateRecever -> com.challentec.lmss.app.AppConnectStateRecever:
    com.challentec.lmss.listener.AppConectStateListener appConectStateListener -> a
    void setAppConectStateListener(com.challentec.lmss.listener.AppConectStateListener) -> a
    void onReceive(android.content.Context,android.content.Intent) -> onReceive
com.challentec.lmss.app.AppContext -> com.challentec.lmss.app.AppContext:
    void onCreate() -> onCreate
    boolean isNetworkConnected() -> a
    boolean isGPSOPen() -> b
com.challentec.lmss.app.AppManager -> com.challentec.lmss.app.b:
    com.challentec.lmss.app.AppManager instance -> a
    android.content.Context context -> c
    java.util.Stack activityStack -> b
    com.challentec.lmss.app.AppManager getManager(android.content.Context) -> a
    void addActivity(android.app.Activity) -> a
    void redirtToLogin() -> a
    void finishActivity(android.app.Activity) -> b
    void appExit(android.content.Context) -> b
    java.lang.String getAppVersion() -> b
    java.lang.String getIMEI() -> c
    com.challentec.lmss.app.AppMessageRecever registerAppMessageRecever(android.content.Context) -> c
    com.challentec.lmss.app.AppConnectStateRecever registerAppConnectStateRecever(android.content.Context) -> d
    void startPolling() -> d
    void stopPolling() -> e
com.challentec.lmss.app.AppMessageRecever -> com.challentec.lmss.app.AppMessageRecever:
    com.challentec.lmss.listener.AppMessageLinstener appMessageLinstener -> a
    void setAppMessageLinstener(com.challentec.lmss.listener.AppMessageLinstener) -> a
    void onReceive(android.content.Context,android.content.Intent) -> onReceive
com.challentec.lmss.app.AppTipMessage -> com.challentec.lmss.app.c:
    java.util.HashMap tipMessage -> a
    java.lang.String getString(android.content.Context,java.lang.String) -> a
    int getResouceStringId(java.lang.String) -> a
com.challentec.lmss.app.MainActivity -> com.challentec.lmss.app.MainActivity:
    long lastExitTime -> a
    android.widget.Button main_btn_login -> b
    android.widget.Button main_btn_getvecode -> c
    android.widget.TextView main_tv_chinese -> d
    android.widget.TextView main_tv_english -> e
    android.widget.EditText main_login_et_tel -> f
    android.widget.EditText main_et_vecode -> g
    com.challentec.lmss.app.AppMessageRecever appMessageRecever -> h
    int CURRENT_LANGUAGE_TYPE -> i
    com.challentec.lmss.app.AppContext appContext -> j
    com.challentec.lmss.app.AppManager appManager -> k
    java.lang.String locationStr -> l
    com.challentec.lmss.engine.GPSInfoService gpsInfoService -> m
    com.challentec.lmss.net.SocketClient socketClient -> n
    com.challentec.lmss.view.LoadProgressView main_pb_load -> o
    android.content.SharedPreferences sp -> p
    com.challentec.lmss.app.AppConnectStateRecever appConnectStateRecever -> q
    android.os.Handler handler -> r
    void onCreate(android.os.Bundle) -> onCreate
    void onStart() -> onStart
    void onStop() -> onStop
    void connect() -> b
    void setLanguage(int) -> a
    void addLinsteners() -> c
    void doLogin() -> a
    void getVecode() -> d
    void getLoaction() -> e
    void findViews() -> f
    void setLanguageTextViewStyle() -> g
    boolean onKeyDown(int,android.view.KeyEvent) -> onKeyDown
com.challentec.lmss.app.MainActivity$1 -> com.challentec.lmss.app.d:
    com.challentec.lmss.app.MainActivity this$0 -> a
    void handleMessage(android.os.Message) -> handleMessage
...
android.support.v4.app.ShareCompat -> android.support.v4.app.ShareCompat:
    java.lang.String EXTRA_CALLING_PACKAGE -> EXTRA_CALLING_PACKAGE
    java.lang.String EXTRA_CALLING_ACTIVITY -> EXTRA_CALLING_ACTIVITY
    android.support.v4.app.ShareCompat$ShareCompatImpl IMPL -> IMPL
    java.lang.String getCallingPackage(android.app.Activity) -> getCallingPackage
    android.content.ComponentName getCallingActivity(android.app.Activity) -> getCallingActivity
    void configureMenuItem(android.view.MenuItem,android.support.v4.app.ShareCompat$IntentBuilder) -> configureMenuItem
    void configureMenuItem(android.view.Menu,int,android.support.v4.app.ShareCompat$IntentBuilder) -> configureMenuItem
    android.support.v4.app.ShareCompat$ShareCompatImpl access$000() -> access$000
android.support.v4.app.ShareCompat$IntentBuilder -> android.support.v4.app.ShareCompat$IntentBuilder:
    android.app.Activity mActivity -> mActivity
    android.content.Intent mIntent -> mIntent
    java.lang.CharSequence mChooserTitle -> mChooserTitle
    java.util.ArrayList mToAddresses -> mToAddresses
    java.util.ArrayList mCcAddresses -> mCcAddresses
    java.util.ArrayList mBccAddresses -> mBccAddresses
    java.util.ArrayList mStreams -> mStreams
    android.support.v4.app.ShareCompat$IntentBuilder from(android.app.Activity) -> from
    android.content.Intent getIntent() -> getIntent
    android.app.Activity getActivity() -> getActivity
    void combineArrayExtra(java.lang.String,java.util.ArrayList) -> combineArrayExtra
    void combineArrayExtra(java.lang.String,java.lang.String[]) -> combineArrayExtra
    android.content.Intent createChooserIntent() -> createChooserIntent
    void startChooser() -> startChooser
    android.support.v4.app.ShareCompat$IntentBuilder setChooserTitle(java.lang.CharSequence) -> setChooserTitle
    android.support.v4.app.ShareCompat$IntentBuilder setChooserTitle(int) -> setChooserTitle
    android.support.v4.app.ShareCompat$IntentBuilder setType(java.lang.String) -> setType
    android.support.v4.app.ShareCompat$IntentBuilder setText(java.lang.CharSequence) -> setText
    android.support.v4.app.ShareCompat$IntentBuilder setHtmlText(java.lang.String) -> setHtmlText
android.support.v4.app.ShareCompat$IntentReader -> android.support.v4.app.ShareCompat$IntentReader:
    java.lang.String TAG -> TAG
    android.app.Activity mActivity -> mActivity
    android.content.Intent mIntent -> mIntent
    java.lang.String mCallingPackage -> mCallingPackage
    android.content.ComponentName mCallingActivity -> mCallingActivity
    java.util.ArrayList mStreams -> mStreams
    android.support.v4.app.ShareCompat$IntentReader from(android.app.Activity) -> from
    boolean isShareIntent() -> isShareIntent
    boolean isSingleShare() -> isSingleShare
    boolean isMultipleShare() -> isMultipleShare
    java.lang.String getType() -> getType
    java.lang.CharSequence getText() -> getText
    java.lang.String getHtmlText() -> getHtmlText
    android.net.Uri getStream() -> getStream
    android.net.Uri getStream(int) -> getStream
    int getStreamCount() -> getStreamCount
    java.lang.String[] getEmailTo() -> getEmailTo
    java.lang.String[] getEmailCc() -> getEmailCc
    java.lang.String[] getEmailBcc() -> getEmailBcc
    java.lang.String getSubject() -> getSubject
    java.lang.String getCallingPackage() -> getCallingPackage
    android.content.ComponentName getCallingActivity() -> getCallingActivity
    android.graphics.drawable.Drawable getCallingActivityIcon() -> getCallingActivityIcon
    android.graphics.drawable.Drawable getCallingApplicationIcon() -> getCallingApplicationIcon
android.support.v4.app.ShareCompat$ShareCompatImpl -> android.support.v4.app.ShareCompat$ShareCompatImpl:
    void configureMenuItem(android.view.MenuItem,android.support.v4.app.ShareCompat$IntentBuilder) -> configureMenuItem
    java.lang.String escapeHtml(java.lang.CharSequence) -> escapeHtml