LMSS/proguard/usage.txt
com.challentec.lmss.app.AppConfig:
    private static final java.lang.String SP_CONFIG
    public static final java.lang.String FLOOR_NUM_KEY
    public static final java.lang.String TELE_PHONE_NUM_KEY
    public static final java.lang.String DEVICE_NUMBER_KEY
    public static final java.lang.String VECODE_KEY
    public static final int POLL_INTERVAL_TIME
    public static final int AUTO_CONNECT_TIME
    public static final java.lang.String SERVER__HANG_TIME_KEY
com.challentec.lmss.app.AppConnectStateRecever:
    public static final java.lang.String ACTION_STRING
    30:32:public AppConnectStateRecever(com.challentec.lmss.listener.AppConectStateListener)
com.challentec.lmss.app.AppContext:
    public static final int NETTYPE_WIFI
    public static final int NETTYPE_CMWAP
    public static final int NETTYPE_CMNET
    47:66:public int getNetworkType()
com.challentec.lmss.app.AppManager:
    62:62:public android.app.Activity getCurrentActivity()
    71:73:public void finishActivity()
    81:86:public void finishActivity(java.lang.Class)
com.challentec.lmss.app.AppMessageRecever:
    public static final java.lang.String DATA_KEY
    public static final java.lang.String ACTION_STRING
com.challentec.lmss.app.AppTipMessage:
    public static final java.lang.String NO_TEL_USE
    public static final java.lang.String NO_IME_USE
    public static final java.lang.String TEL_IME_NOT_PAIR
    public static final java.lang.String VECODE_ERROR
    public static final java.lang.String VECODE_TIME_OUT
    public static final java.lang.String NO_DEVICE
    public static final java.lang.String NO_DEVICE_AUTHORITY
    public static final java.lang.String UN_KNOW_SEVER_ERROR
    public static final java.lang.String FLOOR_DEVICE_OFFLINE
    public static final java.lang.String GET_DATA_FAIL
    public static final java.lang.String DATA_FORMAT_ERROR
    public static final java.lang.String IOEXCEPTION
    public static final java.lang.String UN_CONNECT
    public static final java.lang.String CONNECT_SUCCESS
    public static final java.lang.String UN_UNKNOWNHOST
    public static final java.lang.String NO_NET
    public static final java.lang.String CONNECT_SERVER_TIME_OUT
    public static final java.lang.String READ_DATA_TIME_OUT
    13:13:public AppTipMessage()
com.challentec.lmss.app.BuildConfig
com.challentec.lmss.app.MainActivity:
    private static final int LANGUAGE_TYPE_ZH
    private static final int LANGUAGE_TYPE_EN
    private static final int LOCATION_SETTING_REQUEAST
    private static final int GET_LOACTION_SUCCESS
com.challentec.lmss.app.R
com.challentec.lmss.app.R$attr
com.challentec.lmss.app.R$color
com.challentec.lmss.app.R$dimen
com.challentec.lmss.app.R$drawable
com.challentec.lmss.app.R$id
com.challentec.lmss.app.R$layout
com.challentec.lmss.app.R$menu
com.challentec.lmss.app.R$raw
com.challentec.lmss.app.R$string
com.challentec.lmss.app.R$style
...
com.challentec.lmss.util.Protocol:
    public static final java.lang.String PROTOCOL_HEADER
    public static final java.lang.String C_BEAT
    public static final java.lang.String C_GET_VCODE
    public static final java.lang.String C_LOGIN
    public static final java.lang.String C_SET_LANGUAGE
    public static final java.lang.String C_SEND_AUTHORIZATION_CODE
    public static final java.lang.String C_LOG
    public static final java.lang.String C_AUTO_CONNECT
    public static final java.lang.String C_GET_DEVICE_INFO
    public static final java.lang.String C_RECOVER_DEVICE
    public static final java.lang.String C_RECOVER_LAST_SET
    public static final java.lang.String C_EXIT_LOGIN
    public static final java.lang.String S_GET_DEVICE_BASE_P
    public static final java.lang.String S_SAVE_DEVICE_BASE_P
    public static final java.lang.String S_GET_ELEC_P
    public static final java.lang.String S_SAVE_ELEC_P
    public static final java.lang.String S_ELEC_AUTO_STUDY
    public static final java.lang.String S_WELL_AUTO_STUDY
    public static final java.lang.String S_ELEC_STUDY_GET_P
    public static final java.lang.String S_SAVE_ELEC_STUDY_P
    public static final java.lang.String S_WELL_STUDY_GET_P
    public static final java.lang.String S_SAVE_WELL_STUDY_P
    public static final java.lang.String S_GET_FLOOR_SET_FRONT
    public static final java.lang.String S_SAVE_FLOOR_SET_FRONT
com.challentec.lmss.util.StringUtils
com.challentec.lmss.util.StringUtils$1
com.challentec.lmss.util.StringUtils$2
com.challentec.lmss.util.UIHelper:
    12:12:public UIHelper()
com.challentec.lmss.util.UnitUtil:
    public static final int FLOOR
    public static final int SPEED
    public static final int MILLIMETRE
    public static final int RATE_KHZ
    public static final int KW
    public static final int HZ
    public static final int ZF
    public static final int FT
    public static final int SECONDS
    public static final int AP
    public static final int APAIR
    public static final int KILLMI
    public static final int MILL
    public static final int TIME
    public static final int UNIT_Z
    public static final int HOUR
    public static final int WD
    public static final int HH
    public static final int OM
    public static final int JD
    public static final int VECTOR
    13:13:public UnitUtil()
com.challentec.lmss.view.FrameAnimationController:
    private static final int MSG_ANIMATE
    public static final int ANIMATION_FRAME_DURATION
    14:15:private FrameAnimationController()
    26:30:public static void requestFrameDelay(java.lang.Runnable,long)
com.challentec.lmss.view.KeyBoardInputWediget:
    public static final int KEY_CODE_ZERON
    public static final int KEY_CODE_ONE
    public static final int KEY_CODE_TWO
    public static final int KEY_CODE_THREE
    public static final int KEY_CODE_FOUR
    public static final int KEY_CODE_FIVE
    public static final int KEY_CODE_SIX
    public static final int KEY_CODE_SEVEN
    public static final int KEY_CODE_EIGHT
    public static final int KEY_CODE_NINE
    public static final int KEY_CODE_A
    public static final int KEY_CODE_B
    public static final int KEY_CODE_C
    public static final int KEY_CODE_D
    public static final int KEY_CODE_E
    public static final int KEY_CODE_F
    public static final int KEY_CODE_DOT
    public static final int KEY_CODE_CANCLE
    public static final int KEY_CODE_OK
    45:45:public int getDataType()
com.challentec.lmss.view.MyScrollView:
    android.view.View$OnTouchListener mGestureListener
com.challentec.lmss.view.SwitchButton:
    249:250:public void setOnCheckedChangeWidgetListener(android.widget.CompoundButton$OnCheckedChangeListener)